2017-07-19 13:23:42,712 - transaction - INFO - uaername:zjt   card_id:12345678   tran_type:withdraw    amount:1000.0   interest:50.0
2017-07-19 13:24:59,238 - transaction - INFO - uaername:zjt   card_id:12345678   tran_type:repay    amount:50.0   interest:0.0
2017-07-19 13:25:08,786 - transaction - INFO - uaername:zjt   card_id:12345678   tran_type:repay    amount:50.0   interest:0.0
2017-07-19 13:25:20,863 - transaction - INFO - uaername:zjt   card_id:12345678   tran_type:repay    amount:50.0   interest:0.0
2017-07-19 13:27:50,426 - transaction - INFO - uaername:zjt   card_id:12345678   tran_type:repay    amount:50.0   interest:0.0
2017-07-19 13:27:57,650 - transaction - INFO - uaername:zjt   card_id:12345678   tran_type:repay    amount:50.0   interest:0.0
2017-07-19 13:28:02,296 - transaction - INFO - uaername:zjt   card_id:12345678   tran_type:repay    amount:50.0   interest:0.0
2017-07-19 13:28:10,110 - transaction - INFO - uaername:zjt   card_id:12345678   tran_type:repay    amount:50.0   interest:0.0
2017-07-19 13:28:18,119 - transaction - INFO - uaername:zjt   card_id:12345678   tran_type:repay    amount:50.0   interest:0.0
2017-07-19 13:29:30,256 - transaction - INFO - uaername:zjt   card_id:12345678   tran_type:repay    amount:50.0   interest:0.0
2017-07-19 13:29:32,097 - transaction - INFO - uaername:zjt   card_id:12345678   tran_type:repay    amount:50.0   interest:0.0
2017-07-19 13:29:33,376 - transaction - INFO - uaername:zjt   card_id:12345678   tran_type:repay    amount:50.0   interest:0.0
2017-07-19 13:29:35,340 - transaction - INFO - uaername:zjt   card_id:12345678   tran_type:repay    amount:50.0   interest:0.0
2017-07-19 13:29:36,281 - transaction - INFO - uaername:zjt   card_id:12345678   tran_type:repay    amount:50.0   interest:0.0
2017-07-19 13:29:40,020 - transaction - INFO - uaername:zjt   card_id:12345678   tran_type:repay    amount:50.0   interest:0.0
2017-07-19 13:29:42,154 - transaction - INFO - uaername:zjt   card_id:12345678   tran_type:repay    amount:50.0   interest:0.0
2017-07-19 13:29:43,237 - transaction - INFO - uaername:zjt   card_id:12345678   tran_type:repay    amount:50.0   interest:0.0
2017-07-19 13:29:44,177 - transaction - INFO - uaername:zjt   card_id:12345678   tran_type:repay    amount:50.0   interest:0.0
2017-07-19 13:29:45,072 - transaction - INFO - uaername:zjt   card_id:12345678   tran_type:repay    amount:50.0   interest:0.0
2017-07-19 13:29:45,879 - transaction - INFO - uaername:zjt   card_id:12345678   tran_type:repay    amount:50.0   interest:0.0
2017-07-19 13:29:46,600 - transaction - INFO - uaername:zjt   card_id:12345678   tran_type:repay    amount:50.0   interest:0.0
2017-07-19 13:29:47,298 - transaction - INFO - uaername:zjt   card_id:12345678   tran_type:repay    amount:50.0   interest:0.0
2017-07-19 13:31:42,100 - transaction - INFO - uaername:zjt   card_id:12345678   tran_type:withdraw    amount:5000.0   interest:250.0
2017-07-19 13:31:52,856 - transaction - INFO - uaername:zjt   card_id:12345678   tran_type:repay    amount:250.0   interest:0.0
2017-07-19 13:32:59,596 - transaction - INFO - uaername:zjt   card_id:12345678   tran_type:repay    amount:100.0   interest:0.0
2017-07-19 13:36:02,563 - transaction - INFO - uaername:zjt   card_id:12345678   tran_type:withdraw    amount:1000.0   interest:50.0
2017-07-19 13:58:56,817 - transaction - INFO - uaername:zjt   card_id:12345678   tran_type:repay    amount:950.0   interest:0.0
2017-07-19 13:59:18,890 - transaction - INFO - uaername:zjt   card_id:12345678   tran_type:repay    amount:1000.0   interest:0.0
2017-07-19 13:59:23,053 - transaction - INFO - uaername:zjt   card_id:12345678   tran_type:repay    amount:1000.0   interest:0.0
2017-07-19 13:59:26,140 - transaction - INFO - uaername:zjt   card_id:12345678   tran_type:repay    amount:1000.0   interest:0.0
2017-07-19 14:44:12,968 - transaction - INFO - uaername:zjt   card_id:12345678   tran_type:repay    amount:3000.0   interest:0.0
2017-07-19 15:00:12,956 - transaction - INFO - uaername:zjt   card_id:12345678   tran_type:repay    amount:0.0   interest:0.0
2017-07-19 15:00:45,756 - transaction - INFO - uaername:zjt   card_id:12345678   tran_type:repay    amount:10000.0   interest:0.0
2017-07-19 15:03:18,683 - transaction - INFO - uaername:zjt   card_id:12345678   tran_type:repay    amount:11000.0   interest:0.0
2017-07-19 15:24:38,955 - transaction - INFO - uaername:zjt   card_id:12345678   tran_type:transfer    amount:1000.0   interest:50.0
2017-07-19 15:25:37,464 - transaction - INFO - uaername:zjt   card_id:12345678   tran_type:transfer    amount:950.0   interest:47.5
2017-07-19 15:29:43,138 - transaction - INFO - uaername:zjt   card_id:12345678   tran_type:transfer    amount:10000.0   interest:500.0
2017-07-19 15:32:24,562 - transaction - INFO - uaername:zjt   card_id:12345678   tran_type:transfer    amount:10000.0   interest:50.0
2017-07-19 15:45:10,999 - transaction - INFO - uaername:zjt   card_id:12345678   tran_type:transfer    amount:1000.0   interest:5.0
2017-07-19 20:43:41,849 - transaction - INFO - uaername:zjt   card_id:12345678   tran_type:consume    amount:944.0   interest:0.0
2017-07-19 20:43:41,849 - transaction - INFO - uaername:zjt   card_id:12345678   tran_type:consume    amount:944.0   interest:0.0
2017-07-19 20:49:20,651 - transaction - INFO - uaername:zjt   card_id:12345678   tran_type:consume    amount:2999.0   interest:0.0
2017-07-19 20:49:20,651 - transaction - INFO - uaername:zjt   card_id:12345678   tran_type:consume    amount:2999.0   interest:0.0
2017-07-19 20:51:18,219 - transaction - INFO - uaername:zjt   card_id:12345678   tran_type:consume    amount:20.0   interest:0.0
2017-07-19 20:51:18,219 - transaction - INFO - uaername:zjt   card_id:12345678   tran_type:consume    amount:20.0   interest:0.0
2017-07-19 20:53:09,460 - transaction - INFO - uaername:zjt   card_id:12345678   tran_type:consume    amount:899.0   interest:0.0
2017-07-19 20:53:09,460 - transaction - INFO - uaername:zjt   card_id:12345678   tran_type:consume    amount:899.0   interest:0.0
2017-07-19 20:55:05,446 - transaction - INFO - uaername:zjt   card_id:12345678   tran_type:consume    amount:9.0   interest:0.0
2017-07-19 20:55:05,446 - transaction - INFO - uaername:zjt   card_id:12345678   tran_type:consume    amount:9.0   interest:0.0
2017-07-19 20:57:39,809 - transaction - INFO - uaername:zjt   card_id:12345678   tran_type:consume    amount:899.0   interest:0.0
2017-07-19 20:57:39,809 - transaction - INFO - uaername:zjt   card_id:12345678   tran_type:consume    amount:899.0   interest:0.0
2017-07-19 20:59:17,800 - transaction - INFO - uaername:zjt   card_id:12345678   tran_type:consume    amount:1000.0   interest:0.0
2017-07-19 20:59:17,800 - transaction - INFO - uaername:zjt   card_id:12345678   tran_type:consume    amount:1000.0   interest:0.0
2017-07-19 21:26:06,346 - transaction - INFO - username:zjt   card_id:12345678   tran_type:consume    amount:36.0   interest:0.0
2017-07-19 21:26:06,346 - transaction - INFO - username:zjt   card_id:12345678   tran_type:consume    amount:36.0   interest:0.0
2017-07-19 21:47:47,527 - transaction - INFO - username:zjt   card_id:12345678   tran_type:withdraw    amount:10000.0   interest:50.0
2017-07-19 22:11:11,287 - transaction - INFO - username:123   card_id:12345678   tran_type:withdraw    amount:1000.0   interest:5.0
2017-07-19 22:11:11,287 - transaction - INFO - username:123   card_id:12345678   tran_type:withdraw    amount:1000.0   interest:5.0
2017-07-19 22:11:25,920 - transaction - INFO - username:123   card_id:12345678   tran_type:repay    amount:1005.0   interest:0.0
2017-07-19 22:11:25,920 - transaction - INFO - username:123   card_id:12345678   tran_type:repay    amount:1005.0   interest:0.0
2017-07-19 22:12:08,658 - transaction - INFO - username:123   card_id:12345678   tran_type:transfer    amount:1000.0   interest:5.0
2017-07-19 22:12:08,658 - transaction - INFO - username:123   card_id:12345678   tran_type:transfer    amount:1000.0   interest:5.0
2017-07-19 22:12:21,807 - transaction - INFO - username:123   card_id:12345678   tran_type:repay    amount:1005.0   interest:0.0
2017-07-19 22:12:21,807 - transaction - INFO - username:123   card_id:12345678   tran_type:repay    amount:1005.0   interest:0.0
